<?xml version="1.0" encoding="UTF-8"?>
<!-- Generated by org.testng.reporters.JUnitReportReporter -->
<testsuite hostname="DESKTOP-G4PK516" failures="0" tests="4" name="runners.MainRunner" time="17.395" errors="0" timestamp="2023-03-25T13:58:04 TRT" skipped="0">
  <testcase classname="runners.MainRunner" name="runScenario" time="4.891"/>
  <system-out/>
  <testcase classname="runners.MainRunner" name="runScenario" time="5.162"/>
  <system-out/>
  <testcase classname="runners.MainRunner" name="runScenario" time="3.664"/>
  <system-out/>
  <testcase classname="runners.MainRunner" name="runScenario" time="3.678"/>
  <system-out/>
</testsuite> <!-- runners.MainRunner -->
